<?xml version="1.0" encoding="UTF-8"?>
<!-- Generated by org.testng.reporters.JUnitXMLReporter -->
<testsuite ignored="0" hostname="DESKTOP-GEL4LN3" failures="1" tests="21" name="Test" time="497.374" errors="0" timestamp="2023-03-07T13:16:11 ACDT">
  <testcase classname="com.edusoln.runner.TestNGRunner" name="test" time="2.393"/>
  <testcase classname="com.edusoln.runner.TestNGRunner" name="test2" time="10.293"/>
  <testcase classname="com.edusoln.runner.TestNGRunner" name="test3" time="72.629"/>
  <testcase classname="com.edusoln.runner.TestNGRunner" name="test4" time="18.271"/>
  <testcase classname="com.edusoln.runner.TestNGRunner" name="test5" time="16.001"/>
  <testcase classname="com.edusoln.runner.TestNGRunner" name="test6" time="2.26"/>
  <testcase classname="com.edusoln.runner.TestNGRunner" name="test7" time="8.741"/>
  <testcase classname="com.edusoln.runner.TestNGRunner" name="test7" time="8.365"/>
  <testcase classname="com.edusoln.runner.TestNGRunner" name="test8" time="16.567"/>
  <testcase classname="com.edusoln.runner.TestNGRunner" name="test9" time="14.604"/>
  <testcase classname="com.edusoln.runner.TestNGRunner" name="test10" time="19.881"/>
  <testcase classname="com.edusoln.runner.TestNGRunner" name="test11" time="19.262"/>
  <testcase classname="com.edusoln.runner.TestNGRunner" name="test12" time="20.579"/>
  <testcase classname="com.edusoln.runner.TestNGRunner" name="test13" time="19.491"/>
  <testcase classname="com.edusoln.runner.TestNGRunner" name="test14" time="30.079"/>
  <testcase classname="com.edusoln.runner.TestNGRunner" name="test15" time="19.695"/>
  <testcase classname="com.edusoln.runner.TestNGRunner" name="test16" time="19.458"/>
  <testcase classname="com.edusoln.runner.TestNGRunner" name="test17" time="24.143"/>
  <testcase classname="com.edusoln.runner.TestNGRunner" name="test18" time="33.664"/>
  <testcase classname="com.edusoln.runner.TestNGRunner" name="test19" time="34.089">
    <failure type="org.openqa.selenium.ElementNotInteractableException" message="element not interactable
  (Session info: chrome=110.0.5481.178)
Build info: version: &amp;apos;4.4.0&amp;apos;, revision: &amp;apos;e5c75ed026a&amp;apos;
System info: host: &amp;apos;DESKTOP-GEL4LN3&amp;apos;, ip: &amp;apos;192.168.1.105&amp;apos;, os.name: &amp;apos;Windows 11&amp;apos;, os.arch: &amp;apos;amd64&amp;apos;, os.version: &amp;apos;10.0&amp;apos;, java.version: &amp;apos;17.0.3&amp;apos;
Driver info: org.openqa.selenium.chrome.ChromeDriver
Command: [4ea5f699fede9a61cd42dc4f3684c35b, clickElement {id=99135b91-f341-413f-85b3-098ee4974618}]
Capabilities {acceptInsecureCerts: false, browserName: chrome, browserVersion: 110.0.5481.178, chrome: {chromedriverVersion: 110.0.5481.77 (65ed616c6e8e..., userDataDir: C:\Users\sinar\AppData\Loca...}, goog:chromeOptions: {debuggerAddress: localhost:51226}, networkConnectionEnabled: false, pageLoadStrategy: normal, platformName: WINDOWS, proxy: Proxy(), se:cdp: ws://localhost:51226/devtoo..., se:cdpVersion: 110.0.5481.178, setWindowRect: true, strictFileInteractability: false, timeouts: {implicit: 0, pageLoad: 300000, script: 30000}, unhandledPromptBehavior: dismiss and notify, webauthn:extension:credBlob: true, webauthn:extension:largeBlob: true, webauthn:virtualAuthenticators: true}
Element: [[ChromeDriver: chrome on WINDOWS (4ea5f699fede9a61cd42dc4f3684c35b)] -&amp;gt; xpath: //div[@class=&amp;apos;ae4 aDM nH oy8Mbf&amp;apos;]//td[@data-tooltip=&amp;apos;Select&amp;apos;]//div[@role=&amp;apos;checkbox&amp;apos;]]
Session ID: 4ea5f699fede9a61cd42dc4f3684c35b">
      <![CDATA[org.openqa.selenium.ElementNotInteractableException: element not interactable
  (Session info: chrome=110.0.5481.178)
Build info: version: '4.4.0', revision: 'e5c75ed026a'
System info: host: 'DESKTOP-GEL4LN3', ip: '192.168.1.105', os.name: 'Windows 11', os.arch: 'amd64', os.version: '10.0', java.version: '17.0.3'
Driver info: org.openqa.selenium.chrome.ChromeDriver
Command: [4ea5f699fede9a61cd42dc4f3684c35b, clickElement {id=99135b91-f341-413f-85b3-098ee4974618}]
Capabilities {acceptInsecureCerts: false, browserName: chrome, browserVersion: 110.0.5481.178, chrome: {chromedriverVersion: 110.0.5481.77 (65ed616c6e8e..., userDataDir: C:\Users\sinar\AppData\Loca...}, goog:chromeOptions: {debuggerAddress: localhost:51226}, networkConnectionEnabled: false, pageLoadStrategy: normal, platformName: WINDOWS, proxy: Proxy(), se:cdp: ws://localhost:51226/devtoo..., se:cdpVersion: 110.0.5481.178, setWindowRect: true, strictFileInteractability: false, timeouts: {implicit: 0, pageLoad: 300000, script: 30000}, unhandledPromptBehavior: dismiss and notify, webauthn:extension:credBlob: true, webauthn:extension:largeBlob: true, webauthn:virtualAuthenticators: true}
Element: [[ChromeDriver: chrome on WINDOWS (4ea5f699fede9a61cd42dc4f3684c35b)] -> xpath: //div[@class='ae4 aDM nH oy8Mbf']//td[@data-tooltip='Select']//div[@role='checkbox']]
Session ID: 4ea5f699fede9a61cd42dc4f3684c35b
at org.openqa.selenium.remote.codec.w3c.W3CHttpResponseCodec.createException(W3CHttpResponseCodec.java:200)
at org.openqa.selenium.remote.codec.w3c.W3CHttpResponseCodec.decode(W3CHttpResponseCodec.java:133)
at org.openqa.selenium.remote.codec.w3c.W3CHttpResponseCodec.decode(W3CHttpResponseCodec.java:53)
at org.openqa.selenium.remote.HttpCommandExecutor.execute(HttpCommandExecutor.java:184)
at org.openqa.selenium.remote.service.DriverCommandExecutor.invokeExecute(DriverCommandExecutor.java:167)
at org.openqa.selenium.remote.service.DriverCommandExecutor.execute(DriverCommandExecutor.java:142)
at org.openqa.selenium.remote.RemoteWebDriver.execute(RemoteWebDriver.java:547)
at org.openqa.selenium.remote.RemoteWebElement.execute(RemoteWebElement.java:257)
at org.openqa.selenium.remote.RemoteWebElement.click(RemoteWebElement.java:78)
at com.edusoln.pom.MoveToFolder.moveToLable(MoveToFolder.java:49)
at com.edusoln.runner.TestNGRunner.test19(TestNGRunner.java:378)
at java.base/java.util.ArrayList.forEach(ArrayList.java:1511)
... Removed 32 stack frames]]>
    </failure>
  </testcase> <!-- test19 -->
  <testcase classname="com.edusoln.runner.TestNGRunner" name="test20" time="25.886"/>
</testsuite> <!-- Test -->
