<?xml version="1.0" encoding="UTF-8"?>
<!-- Generated by org.testng.reporters.JUnitReportReporter -->
<testsuite hostname="DESKTOP-GEL4LN3" failures="0" tests="21" name="com.edusoln.runner.TestNGRunner" time="495.464" errors="1" timestamp="2023-03-07T13:16:12 ACDT" skipped="0">
  <testcase classname="com.edusoln.runner.TestNGRunner" name="test" time="4.893"/>
  <system-out/>
  <testcase classname="com.edusoln.runner.TestNGRunner" name="test2" time="13.090"/>
  <system-out/>
  <testcase classname="com.edusoln.runner.TestNGRunner" name="test3" time="75.549"/>
  <system-out/>
  <testcase classname="com.edusoln.runner.TestNGRunner" name="test4" time="21.133"/>
  <system-out/>
  <testcase classname="com.edusoln.runner.TestNGRunner" name="test5" time="18.951"/>
  <system-out/>
  <testcase classname="com.edusoln.runner.TestNGRunner" name="test6" time="5.117"/>
  <system-out/>
  <testcase classname="com.edusoln.runner.TestNGRunner" name="test7" time="11.581"/>
  <system-out/>
  <testcase classname="com.edusoln.runner.TestNGRunner" name="test7" time="10.979"/>
  <system-out/>
  <testcase classname="com.edusoln.runner.TestNGRunner" name="test8" time="19.403"/>
  <system-out/>
  <testcase classname="com.edusoln.runner.TestNGRunner" name="test9" time="17.365"/>
  <system-out/>
  <testcase classname="com.edusoln.runner.TestNGRunner" name="test10" time="22.701"/>
  <system-out/>
  <testcase classname="com.edusoln.runner.TestNGRunner" name="test11" time="21.710"/>
  <system-out/>
  <testcase classname="com.edusoln.runner.TestNGRunner" name="test12" time="24.250"/>
  <system-out/>
  <testcase classname="com.edusoln.runner.TestNGRunner" name="test13" time="22.223"/>
  <system-out/>
  <testcase classname="com.edusoln.runner.TestNGRunner" name="test14" time="32.541"/>
  <system-out/>
  <testcase classname="com.edusoln.runner.TestNGRunner" name="test15" time="22.739"/>
  <system-out/>
  <testcase classname="com.edusoln.runner.TestNGRunner" name="test16" time="22.185"/>
  <system-out/>
  <testcase classname="com.edusoln.runner.TestNGRunner" name="test17" time="26.700"/>
  <system-out/>
  <testcase classname="com.edusoln.runner.TestNGRunner" name="test18" time="36.575"/>
  <system-out/>
  <testcase classname="com.edusoln.runner.TestNGRunner" name="test19" time="36.748">
    <error message="element not interactable
  (Session info: chrome=110.0.5481.178)
Build info: version: &#039;4.4.0&#039;, revision: &#039;e5c75ed026a&#039;
System info: host: &#039;DESKTOP-GEL4LN3&#039;, ip: &#039;192.168.1.105&#039;, os.name: &#039;Windows 11&#039;, os.arch: &#039;amd64&#039;, os.version: &#039;10.0&#039;, java.version: &#039;17.0.3&#039;
Driver info: org.openqa.selenium.chrome.ChromeDriver
Command: [4ea5f699fede9a61cd42dc4f3684c35b, clickElement {id=99135b91-f341-413f-85b3-098ee4974618}]
Capabilities {acceptInsecureCerts: false, browserName: chrome, browserVersion: 110.0.5481.178, chrome: {chromedriverVersion: 110.0.5481.77 (65ed616c6e8e..., userDataDir: C:\Users\sinar\AppData\Loca...}, goog:chromeOptions: {debuggerAddress: localhost:51226}, networkConnectionEnabled: false, pageLoadStrategy: normal, platformName: WINDOWS, proxy: Proxy(), se:cdp: ws://localhost:51226/devtoo..., se:cdpVersion: 110.0.5481.178, setWindowRect: true, strictFileInteractability: false, timeouts: {implicit: 0, pageLoad: 300000, script: 30000}, unhandledPromptBehavior: dismiss and notify, webauthn:extension:credBlob: true, webauthn:extension:largeBlob: true, webauthn:virtualAuthenticators: true}
Element: [[ChromeDriver: chrome on WINDOWS (4ea5f699fede9a61cd42dc4f3684c35b)] -&gt; xpath: //div[@class=&#039;ae4 aDM nH oy8Mbf&#039;]//td[@data-tooltip=&#039;Select&#039;]//div[@role=&#039;checkbox&#039;]]
Session ID: 4ea5f699fede9a61cd42dc4f3684c35b" type="org.openqa.selenium.ElementNotInteractableException">
      <![CDATA[org.openqa.selenium.ElementNotInteractableException: element not interactable
  (Session info: chrome=110.0.5481.178)
Build info: version: '4.4.0', revision: 'e5c75ed026a'
System info: host: 'DESKTOP-GEL4LN3', ip: '192.168.1.105', os.name: 'Windows 11', os.arch: 'amd64', os.version: '10.0', java.version: '17.0.3'
Driver info: org.openqa.selenium.chrome.ChromeDriver
Command: [4ea5f699fede9a61cd42dc4f3684c35b, clickElement {id=99135b91-f341-413f-85b3-098ee4974618}]
Capabilities {acceptInsecureCerts: false, browserName: chrome, browserVersion: 110.0.5481.178, chrome: {chromedriverVersion: 110.0.5481.77 (65ed616c6e8e..., userDataDir: C:\Users\sinar\AppData\Loca...}, goog:chromeOptions: {debuggerAddress: localhost:51226}, networkConnectionEnabled: false, pageLoadStrategy: normal, platformName: WINDOWS, proxy: Proxy(), se:cdp: ws://localhost:51226/devtoo..., se:cdpVersion: 110.0.5481.178, setWindowRect: true, strictFileInteractability: false, timeouts: {implicit: 0, pageLoad: 300000, script: 30000}, unhandledPromptBehavior: dismiss and notify, webauthn:extension:credBlob: true, webauthn:extension:largeBlob: true, webauthn:virtualAuthenticators: true}
Element: [[ChromeDriver: chrome on WINDOWS (4ea5f699fede9a61cd42dc4f3684c35b)] -> xpath: //div[@class='ae4 aDM nH oy8Mbf']//td[@data-tooltip='Select']//div[@role='checkbox']]
Session ID: 4ea5f699fede9a61cd42dc4f3684c35b
at java.base/jdk.internal.reflect.NativeConstructorAccessorImpl.newInstance0(Native Method)
at java.base/jdk.internal.reflect.NativeConstructorAccessorImpl.newInstance(NativeConstructorAccessorImpl.java:77)
at java.base/jdk.internal.reflect.DelegatingConstructorAccessorImpl.newInstance(DelegatingConstructorAccessorImpl.java:45)
at java.base/java.lang.reflect.Constructor.newInstanceWithCaller(Constructor.java:499)
at java.base/java.lang.reflect.Constructor.newInstance(Constructor.java:480)
at org.openqa.selenium.remote.codec.w3c.W3CHttpResponseCodec.createException(W3CHttpResponseCodec.java:200)
at org.openqa.selenium.remote.codec.w3c.W3CHttpResponseCodec.decode(W3CHttpResponseCodec.java:133)
at org.openqa.selenium.remote.codec.w3c.W3CHttpResponseCodec.decode(W3CHttpResponseCodec.java:53)
at org.openqa.selenium.remote.HttpCommandExecutor.execute(HttpCommandExecutor.java:184)
at org.openqa.selenium.remote.service.DriverCommandExecutor.invokeExecute(DriverCommandExecutor.java:167)
at org.openqa.selenium.remote.service.DriverCommandExecutor.execute(DriverCommandExecutor.java:142)
at org.openqa.selenium.remote.RemoteWebDriver.execute(RemoteWebDriver.java:547)
at org.openqa.selenium.remote.RemoteWebElement.execute(RemoteWebElement.java:257)
at org.openqa.selenium.remote.RemoteWebElement.click(RemoteWebElement.java:78)
at com.edusoln.pom.MoveToFolder.moveToLable(MoveToFolder.java:49)
at com.edusoln.runner.TestNGRunner.test19(TestNGRunner.java:378)
at java.base/jdk.internal.reflect.NativeMethodAccessorImpl.invoke0(Native Method)
at java.base/jdk.internal.reflect.NativeMethodAccessorImpl.invoke(NativeMethodAccessorImpl.java:77)
at java.base/jdk.internal.reflect.DelegatingMethodAccessorImpl.invoke(DelegatingMethodAccessorImpl.java:43)
at java.base/java.lang.reflect.Method.invoke(Method.java:568)
at org.testng.internal.invokers.MethodInvocationHelper.invokeMethod(MethodInvocationHelper.java:139)
at org.testng.internal.invokers.TestInvoker.invokeMethod(TestInvoker.java:677)
at org.testng.internal.invokers.TestInvoker.invokeTestMethod(TestInvoker.java:221)
at org.testng.internal.invokers.MethodRunner.runInSequence(MethodRunner.java:50)
at org.testng.internal.invokers.TestInvoker$MethodInvocationAgent.invoke(TestInvoker.java:962)
at org.testng.internal.invokers.TestInvoker.invokeTestMethods(TestInvoker.java:194)
at org.testng.internal.invokers.TestMethodWorker.invokeTestMethods(TestMethodWorker.java:148)
at org.testng.internal.invokers.TestMethodWorker.run(TestMethodWorker.java:128)
at java.base/java.util.ArrayList.forEach(ArrayList.java:1511)
at org.testng.TestRunner.privateRun(TestRunner.java:806)
at org.testng.TestRunner.run(TestRunner.java:601)
at org.testng.SuiteRunner.runTest(SuiteRunner.java:433)
at org.testng.SuiteRunner.runSequentially(SuiteRunner.java:427)
at org.testng.SuiteRunner.privateRun(SuiteRunner.java:387)
at org.testng.SuiteRunner.run(SuiteRunner.java:330)
at org.testng.SuiteRunnerWorker.runSuite(SuiteRunnerWorker.java:52)
at org.testng.SuiteRunnerWorker.run(SuiteRunnerWorker.java:95)
at org.testng.TestNG.runSuitesSequentially(TestNG.java:1256)
at org.testng.TestNG.runSuitesLocally(TestNG.java:1176)
at org.testng.TestNG.runSuites(TestNG.java:1099)
at org.testng.TestNG.run(TestNG.java:1067)
at org.testng.remote.AbstractRemoteTestNG.run(AbstractRemoteTestNG.java:115)
at org.testng.remote.RemoteTestNG.initAndRun(RemoteTestNG.java:251)
at org.testng.remote.RemoteTestNG.main(RemoteTestNG.java:77)
]]>
    </error>
  </testcase> <!-- test19 -->
  <system-out/>
  <testcase classname="com.edusoln.runner.TestNGRunner" name="test20" time="29.031"/>
  <system-out/>
</testsuite> <!-- com.edusoln.runner.TestNGRunner -->
